{"C:\\Users\\LENOVO\\OneDrive\\Desktop\\MERN TODO\\backend\\app.js": {"path":"C:\\Users\\LENOVO\\OneDrive\\Desktop\\MERN TODO\\backend\\app.js","statementMap":{"0":{"start":{"line":1,"column":16},"end":{"line":1,"column":34}},"1":{"start":{"line":2,"column":12},"end":{"line":2,"column":21}},"2":{"start":{"line":3,"column":13},"end":{"line":3,"column":37}},"3":{"start":{"line":4,"column":13},"end":{"line":4,"column":37}},"4":{"start":{"line":7,"column":0},"end":{"line":9,"column":1}},"5":{"start":{"line":8,"column":2},"end":{"line":8,"column":25}},"6":{"start":{"line":11,"column":0},"end":{"line":11,"column":24}},"7":{"start":{"line":12,"column":0},"end":{"line":12,"column":48}},"8":{"start":{"line":14,"column":0},"end":{"line":16,"column":3}},"9":{"start":{"line":15,"column":2},"end":{"line":15,"column":33}},"10":{"start":{"line":18,"column":0},"end":{"line":18,"column":25}},"11":{"start":{"line":19,"column":0},"end":{"line":19,"column":25}},"12":{"start":{"line":21,"column":0},"end":{"line":21,"column":21}}},"fnMap":{"0":{"name":"(anonymous_0)","decl":{"start":{"line":14,"column":13},"end":{"line":14,"column":14}},"loc":{"start":{"line":14,"column":27},"end":{"line":16,"column":1}},"line":14}},"branchMap":{"0":{"loc":{"start":{"line":7,"column":0},"end":{"line":9,"column":1}},"type":"if","locations":[{"start":{"line":7,"column":0},"end":{"line":9,"column":1}},{"start":{},"end":{}}],"line":7}},"s":{"0":2,"1":2,"2":2,"3":2,"4":2,"5":0,"6":2,"7":2,"8":2,"9":0,"10":2,"11":2,"12":2},"f":{"0":0},"b":{"0":[0,2]},"_coverageSchema":"1a1c01bbd47fc00a2c39e90264f33305004495a9","hash":"27790be337963167b4f6f20500ac19157398cb06"}
,"C:\\Users\\LENOVO\\OneDrive\\Desktop\\MERN TODO\\backend\\models\\list.js": {"path":"C:\\Users\\LENOVO\\OneDrive\\Desktop\\MERN TODO\\backend\\models\\list.js","statementMap":{"0":{"start":{"line":1,"column":17},"end":{"line":1,"column":36}},"1":{"start":{"line":3,"column":19},"end":{"line":19,"column":2}},"2":{"start":{"line":21,"column":0},"end":{"line":21,"column":52}}},"fnMap":{},"branchMap":{},"s":{"0":2,"1":2,"2":2},"f":{},"b":{},"_coverageSchema":"1a1c01bbd47fc00a2c39e90264f33305004495a9","hash":"727f11930cb8182b68d41eefd6aa08070f16554e"}
,"C:\\Users\\LENOVO\\OneDrive\\Desktop\\MERN TODO\\backend\\models\\user.js": {"path":"C:\\Users\\LENOVO\\OneDrive\\Desktop\\MERN TODO\\backend\\models\\user.js","statementMap":{"0":{"start":{"line":1,"column":17},"end":{"line":1,"column":36}},"1":{"start":{"line":3,"column":19},"end":{"line":22,"column":2}},"2":{"start":{"line":24,"column":0},"end":{"line":24,"column":52}}},"fnMap":{},"branchMap":{},"s":{"0":2,"1":2,"2":2},"f":{},"b":{},"_coverageSchema":"1a1c01bbd47fc00a2c39e90264f33305004495a9","hash":"45c63fdd3923ac1a9037f9eab143be687031ae48"}
,"C:\\Users\\LENOVO\\OneDrive\\Desktop\\MERN TODO\\backend\\routes\\auth.js": {"path":"C:\\Users\\LENOVO\\OneDrive\\Desktop\\MERN TODO\\backend\\routes\\auth.js","statementMap":{"0":{"start":{"line":1,"column":15},"end":{"line":1,"column":42}},"1":{"start":{"line":2,"column":13},"end":{"line":2,"column":38}},"2":{"start":{"line":3,"column":15},"end":{"line":3,"column":32}},"3":{"start":{"line":6,"column":0},"end":{"line":28,"column":3}},"4":{"start":{"line":7,"column":4},"end":{"line":27,"column":5}},"5":{"start":{"line":8,"column":46},"end":{"line":8,"column":54}},"6":{"start":{"line":10,"column":29},"end":{"line":10,"column":58}},"7":{"start":{"line":11,"column":8},"end":{"line":13,"column":9}},"8":{"start":{"line":12,"column":12},"end":{"line":12,"column":79}},"9":{"start":{"line":15,"column":31},"end":{"line":15,"column":60}},"10":{"start":{"line":16,"column":21},"end":{"line":20,"column":10}},"11":{"start":{"line":22,"column":8},"end":{"line":22,"column":26}},"12":{"start":{"line":23,"column":8},"end":{"line":23,"column":81}},"13":{"start":{"line":26,"column":8},"end":{"line":26,"column":87}},"14":{"start":{"line":31,"column":0},"end":{"line":49,"column":3}},"15":{"start":{"line":32,"column":4},"end":{"line":48,"column":5}},"16":{"start":{"line":33,"column":21},"end":{"line":33,"column":66}},"17":{"start":{"line":34,"column":8},"end":{"line":36,"column":9}},"18":{"start":{"line":35,"column":12},"end":{"line":35,"column":69}},"19":{"start":{"line":38,"column":32},"end":{"line":38,"column":84}},"20":{"start":{"line":39,"column":8},"end":{"line":41,"column":9}},"21":{"start":{"line":40,"column":12},"end":{"line":40,"column":71}},"22":{"start":{"line":43,"column":40},"end":{"line":43,"column":49}},"23":{"start":{"line":44,"column":8},"end":{"line":44,"column":83}},"24":{"start":{"line":47,"column":8},"end":{"line":47,"column":87}},"25":{"start":{"line":51,"column":0},"end":{"line":51,"column":24}}},"fnMap":{"0":{"name":"(anonymous_0)","decl":{"start":{"line":6,"column":25},"end":{"line":6,"column":26}},"loc":{"start":{"line":6,"column":45},"end":{"line":28,"column":1}},"line":6},"1":{"name":"(anonymous_1)","decl":{"start":{"line":31,"column":23},"end":{"line":31,"column":24}},"loc":{"start":{"line":31,"column":43},"end":{"line":49,"column":1}},"line":31}},"branchMap":{"0":{"loc":{"start":{"line":11,"column":8},"end":{"line":13,"column":9}},"type":"if","locations":[{"start":{"line":11,"column":8},"end":{"line":13,"column":9}},{"start":{},"end":{}}],"line":11},"1":{"loc":{"start":{"line":34,"column":8},"end":{"line":36,"column":9}},"type":"if","locations":[{"start":{"line":34,"column":8},"end":{"line":36,"column":9}},{"start":{},"end":{}}],"line":34},"2":{"loc":{"start":{"line":39,"column":8},"end":{"line":41,"column":9}},"type":"if","locations":[{"start":{"line":39,"column":8},"end":{"line":41,"column":9}},{"start":{},"end":{}}],"line":39}},"s":{"0":2,"1":2,"2":2,"3":2,"4":5,"5":5,"6":5,"7":5,"8":1,"9":4,"10":4,"11":4,"12":4,"13":0,"14":2,"15":3,"16":3,"17":3,"18":1,"19":2,"20":2,"21":1,"22":1,"23":1,"24":0,"25":2},"f":{"0":5,"1":3},"b":{"0":[1,4],"1":[1,2],"2":[1,1]},"_coverageSchema":"1a1c01bbd47fc00a2c39e90264f33305004495a9","hash":"e5f734b1d9b360907f3a5f09d93f51ef5af0b29f"}
,"C:\\Users\\LENOVO\\OneDrive\\Desktop\\MERN TODO\\backend\\routes\\list.js": {"path":"C:\\Users\\LENOVO\\OneDrive\\Desktop\\MERN TODO\\backend\\routes\\list.js","statementMap":{"0":{"start":{"line":1,"column":15},"end":{"line":1,"column":42}},"1":{"start":{"line":2,"column":13},"end":{"line":2,"column":38}},"2":{"start":{"line":3,"column":13},"end":{"line":3,"column":38}},"3":{"start":{"line":6,"column":0},"end":{"line":28,"column":3}},"4":{"start":{"line":7,"column":4},"end":{"line":27,"column":5}},"5":{"start":{"line":8,"column":39},"end":{"line":8,"column":47}},"6":{"start":{"line":9,"column":29},"end":{"line":9,"column":58}},"7":{"start":{"line":10,"column":8},"end":{"line":24,"column":9}},"8":{"start":{"line":11,"column":25},"end":{"line":15,"column":14}},"9":{"start":{"line":16,"column":12},"end":{"line":16,"column":30}},"10":{"start":{"line":18,"column":12},"end":{"line":18,"column":45}},"11":{"start":{"line":19,"column":12},"end":{"line":19,"column":38}},"12":{"start":{"line":21,"column":12},"end":{"line":21,"column":92}},"13":{"start":{"line":23,"column":12},"end":{"line":23,"column":69}},"14":{"start":{"line":26,"column":8},"end":{"line":26,"column":87}},"15":{"start":{"line":31,"column":0},"end":{"line":45,"column":3}},"16":{"start":{"line":32,"column":4},"end":{"line":44,"column":5}},"17":{"start":{"line":33,"column":32},"end":{"line":33,"column":40}},"18":{"start":{"line":34,"column":21},"end":{"line":38,"column":9}},"19":{"start":{"line":39,"column":8},"end":{"line":39,"column":76}},"20":{"start":{"line":39,"column":19},"end":{"line":39,"column":76}},"21":{"start":{"line":41,"column":8},"end":{"line":41,"column":90}},"22":{"start":{"line":43,"column":8},"end":{"line":43,"column":87}},"23":{"start":{"line":48,"column":0},"end":{"line":62,"column":3}},"24":{"start":{"line":49,"column":4},"end":{"line":61,"column":5}},"25":{"start":{"line":50,"column":26},"end":{"line":50,"column":34}},"26":{"start":{"line":51,"column":21},"end":{"line":51,"column":50}},"27":{"start":{"line":52,"column":8},"end":{"line":52,"column":76}},"28":{"start":{"line":52,"column":19},"end":{"line":52,"column":76}},"29":{"start":{"line":54,"column":8},"end":{"line":54,"column":38}},"30":{"start":{"line":55,"column":8},"end":{"line":55,"column":26}},"31":{"start":{"line":57,"column":8},"end":{"line":57,"column":52}},"32":{"start":{"line":58,"column":8},"end":{"line":58,"column":78}},"33":{"start":{"line":60,"column":8},"end":{"line":60,"column":87}},"34":{"start":{"line":65,"column":0},"end":{"line":76,"column":3}},"35":{"start":{"line":66,"column":4},"end":{"line":75,"column":5}},"36":{"start":{"line":67,"column":22},"end":{"line":67,"column":86}},"37":{"start":{"line":68,"column":8},"end":{"line":72,"column":9}},"38":{"start":{"line":69,"column":12},"end":{"line":69,"column":96}},"39":{"start":{"line":71,"column":12},"end":{"line":71,"column":81}},"40":{"start":{"line":74,"column":8},"end":{"line":74,"column":87}},"41":{"start":{"line":78,"column":0},"end":{"line":78,"column":24}}},"fnMap":{"0":{"name":"(anonymous_0)","decl":{"start":{"line":6,"column":24},"end":{"line":6,"column":25}},"loc":{"start":{"line":6,"column":44},"end":{"line":28,"column":1}},"line":6},"1":{"name":"(anonymous_1)","decl":{"start":{"line":31,"column":30},"end":{"line":31,"column":31}},"loc":{"start":{"line":31,"column":50},"end":{"line":45,"column":1}},"line":31},"2":{"name":"(anonymous_2)","decl":{"start":{"line":48,"column":33},"end":{"line":48,"column":34}},"loc":{"start":{"line":48,"column":53},"end":{"line":62,"column":1}},"line":48},"3":{"name":"(anonymous_3)","decl":{"start":{"line":65,"column":28},"end":{"line":65,"column":29}},"loc":{"start":{"line":65,"column":48},"end":{"line":76,"column":1}},"line":65}},"branchMap":{"0":{"loc":{"start":{"line":10,"column":8},"end":{"line":24,"column":9}},"type":"if","locations":[{"start":{"line":10,"column":8},"end":{"line":24,"column":9}},{"start":{"line":22,"column":15},"end":{"line":24,"column":9}}],"line":10},"1":{"loc":{"start":{"line":39,"column":8},"end":{"line":39,"column":76}},"type":"if","locations":[{"start":{"line":39,"column":8},"end":{"line":39,"column":76}},{"start":{},"end":{}}],"line":39},"2":{"loc":{"start":{"line":52,"column":8},"end":{"line":52,"column":76}},"type":"if","locations":[{"start":{"line":52,"column":8},"end":{"line":52,"column":76}},{"start":{},"end":{}}],"line":52},"3":{"loc":{"start":{"line":68,"column":8},"end":{"line":72,"column":9}},"type":"if","locations":[{"start":{"line":68,"column":8},"end":{"line":72,"column":9}},{"start":{"line":70,"column":15},"end":{"line":72,"column":9}}],"line":68}},"s":{"0":2,"1":2,"2":2,"3":2,"4":1,"5":1,"6":1,"7":1,"8":1,"9":1,"10":1,"11":1,"12":1,"13":0,"14":0,"15":2,"16":1,"17":1,"18":1,"19":1,"20":0,"21":1,"22":0,"23":2,"24":1,"25":1,"26":1,"27":1,"28":0,"29":1,"30":1,"31":1,"32":1,"33":0,"34":2,"35":1,"36":1,"37":1,"38":1,"39":0,"40":0,"41":2},"f":{"0":1,"1":1,"2":1,"3":1},"b":{"0":[1,0],"1":[0,1],"2":[0,1],"3":[1,0]},"_coverageSchema":"1a1c01bbd47fc00a2c39e90264f33305004495a9","hash":"d41acf5fa9c779e12a0cecf44091cce287232555"}
}
