TN:
SF:app.js
FN:14,(anonymous_0)
FNF:1
FNH:0
FNDA:0,(anonymous_0)
DA:1,2
DA:2,2
DA:3,2
DA:4,2
DA:7,2
DA:8,0
DA:11,2
DA:12,2
DA:14,2
DA:15,0
DA:18,2
DA:19,2
DA:21,2
LF:13
LH:11
BRDA:7,0,0,0
BRDA:7,0,1,2
BRF:2
BRH:1
end_of_record
TN:
SF:models\list.js
FNF:0
FNH:0
DA:1,2
DA:3,2
DA:21,2
LF:3
LH:3
BRF:0
BRH:0
end_of_record
TN:
SF:models\user.js
FNF:0
FNH:0
DA:1,2
DA:3,2
DA:24,2
LF:3
LH:3
BRF:0
BRH:0
end_of_record
TN:
SF:routes\auth.js
FN:6,(anonymous_0)
FN:31,(anonymous_1)
FNF:2
FNH:2
FNDA:5,(anonymous_0)
FNDA:3,(anonymous_1)
DA:1,2
DA:2,2
DA:3,2
DA:6,2
DA:7,5
DA:8,5
DA:10,5
DA:11,5
DA:12,1
DA:15,4
DA:16,4
DA:22,4
DA:23,4
DA:26,0
DA:31,2
DA:32,3
DA:33,3
DA:34,3
DA:35,1
DA:38,2
DA:39,2
DA:40,1
DA:43,1
DA:44,1
DA:47,0
DA:51,2
LF:26
LH:24
BRDA:11,0,0,1
BRDA:11,0,1,4
BRDA:34,1,0,1
BRDA:34,1,1,2
BRDA:39,2,0,1
BRDA:39,2,1,1
BRF:6
BRH:6
end_of_record
TN:
SF:routes\list.js
FN:6,(anonymous_0)
FN:31,(anonymous_1)
FN:48,(anonymous_2)
FN:65,(anonymous_3)
FNF:4
FNH:4
FNDA:1,(anonymous_0)
FNDA:1,(anonymous_1)
FNDA:1,(anonymous_2)
FNDA:1,(anonymous_3)
DA:1,2
DA:2,2
DA:3,2
DA:6,2
DA:7,1
DA:8,1
DA:9,1
DA:10,1
DA:11,1
DA:16,1
DA:18,1
DA:19,1
DA:21,1
DA:23,0
DA:26,0
DA:31,2
DA:32,1
DA:33,1
DA:34,1
DA:39,1
DA:41,1
DA:43,0
DA:48,2
DA:49,1
DA:50,1
DA:51,1
DA:52,1
DA:54,1
DA:55,1
DA:57,1
DA:58,1
DA:60,0
DA:65,2
DA:66,1
DA:67,1
DA:68,1
DA:69,1
DA:71,0
DA:74,0
DA:78,2
LF:40
LH:34
BRDA:10,0,0,1
BRDA:10,0,1,0
BRDA:39,1,0,0
BRDA:39,1,1,1
BRDA:52,2,0,0
BRDA:52,2,1,1
BRDA:68,3,0,1
BRDA:68,3,1,0
BRF:8
BRH:4
end_of_record
